<?xml version="1.0" encoding="UTF-8"?>
<!-- Generated by org.testng.reporters.JUnitReportReporter -->
<testsuite hostname="DESKTOP-MQ34259" failures="0" tests="1" name="TEST_CASES.TC01_NatIonality" time="12.304" errors="0" timestamp="2023-07-10T12:57:16 IST" skipped="0">
  <testcase classname="TEST_CASES.TC01_NatIonality" name="M1" time="12.304"/>
</testsuite> <!-- TEST_CASES.TC01_NatIonality -->
