<?xml version="1.0" encoding="UTF-8"?>
<!-- Generated by org.testng.reporters.JUnitReportReporter -->
<testsuite hostname="DESKTOP-MQ34259" failures="0" tests="1" name="Date_picker.IRCTC_RailNetwork" time="10.359" errors="0" timestamp="2023-07-07T19:53:41 IST" skipped="0">
  <testcase classname="Date_picker.IRCTC_RailNetwork" name="M1" time="10.359"/>
</testsuite> <!-- Date_picker.IRCTC_RailNetwork -->
