<?xml version="1.0" encoding="UTF-8"?>
<!-- Generated by org.testng.reporters.JUnitReportReporter -->
<testsuite hostname="DESKTOP-MQ34259" failures="0" tests="1" name="All_Packages.Test_manasa" time="44.642" errors="0" timestamp="2023-07-05T13:12:16 IST" skipped="0">
  <testcase classname="All_Packages.Test_manasa" name="OpenChromeBrowser" time="44.642"/>
</testsuite> <!-- All_Packages.Test_manasa -->
