<?xml version="1.0" encoding="UTF-8"?>
<!-- Generated by org.testng.reporters.JUnitReportReporter -->
<testsuite hostname="DESKTOP-MQ34259" failures="0" tests="1" name="Date_picker.MakemyTrip" time="64.238" errors="0" timestamp="2023-07-06T20:03:19 IST" skipped="0">
  <testcase classname="Date_picker.MakemyTrip" name="M1" time="64.238"/>
</testsuite> <!-- Date_picker.MakemyTrip -->
